<?xml version="1.0" encoding="UTF-8"?>
<!-- Generated by org.testng.reporters.JUnitReportReporter -->
<testsuite skipped="0" hostname="DESKTOP-L37E01M" name="product_validation.main" tests="4" failures="0" timestamp="2021-02-20T06:31:16 PST" time="78.038" errors="0">
  <testcase name="loginval" time="17.604" classname="product_validation.main"/>
  <system-out/>
  <testcase name="acMyprofile" time="10.639" classname="product_validation.main"/>
  <system-out/>
  <testcase name="hotelsearch" time="32.120" classname="product_validation.main"/>
  <system-out/>
  <testcase name="flight" time="17.675" classname="product_validation.main"/>
  <system-out/>
</testsuite> <!-- product_validation.main -->
